<?xml version="1.0" encoding="UTF-8"?>
<test-suite xmlns="http://www.auscope.org/servicetester"
	xmlns:xsi="http://www.w3.org/2001/XMLSchema-instance"
	xsi:schemaLocation="http://www.auscope.org/servicetester http://schemas.auscope.org/servicetester/test-suite-1.0.xsd">

	<catalog-file>../schemas/catalog.xml</catalog-file>

	<schema-location>
		<namespace-uri>http://www.opengis.net/wfs</namespace-uri>
		<schema-url>
			http://schemas.opengis.net/wfs/1.1.0/wfs.xsd
		</schema-url>
	</schema-location>

	<test-case>

		<file-request>
			<response-file>
				../responses/response.MappedFeaturePropertyfile.broken.xml
			</response-file>
		</file-request>

		<response>
			<output-file>../../testoutput/output.MappedFeaturePropertyfile.broken.xml</output-file>
			
			<schema-location>
				<namespace-uri>
					urn:cgi:xmlns:CGI:GeoSciML:2.0
				</namespace-uri>
				<schema-file>
					../profiles/MappedFeaturePropertyfile.xsd
				</schema-file>
			</schema-location>
			
			<element-count-assertion>
				<namespace-uri>
					http://www.opengis.net/wfs
				</namespace-uri>
				<element-name>FeatureCollection</element-name>
				<element-count>1</element-count>
			</element-count-assertion>
			
			<element-count-assertion>
				<namespace-uri>
					urn:cgi:xmlns:CGI:GeoSciML:2.0
				</namespace-uri>
				<element-name>MappedFeaturePropertyfile</element-name>
				<element-count>2</element-count>
			</element-count-assertion>
			
		</response>

	</test-case>

</test-suite>


