<?xml version="1.0" encoding="UTF-8"?>
<test-suite xmlns="http://www.auscope.org/servicetester"
	xmlns:xsi="http://www.w3.org/2001/XMLSchema-instance"
	xsi:schemaLocation="http://www.auscope.org/servicetester http://schemas.auscope.org/servicetester/test-suite-1.0.xsd">

	<service-url>PUT_YOUR_GEOSERVER_GSMLTB3_WFS_URL_HERE</service-url>

	<catalog-file>../schemas/catalog.xml</catalog-file>

	<schema-location>
		<namespace-uri>http://www.opengis.net/wfs</namespace-uri>
		<schema-url>
			http://schemas.opengis.net/wfs/1.1.0/wfs.xsd
		</schema-url>
	</schema-location>


	<test-case>

		<http-post-request>
			<request-file>
				../requests/request.GetCapabilities.xml
			</request-file>
		</http-post-request>

		<response>

			<output-file>output/output.GetCapabilities.xml</output-file>

			<element-count-assertion>
				<namespace-uri>
					http://www.opengis.net/wfs
				</namespace-uri>
				<element-name>WFS_Capabilities</element-name>
				<element-count>1</element-count>
			</element-count-assertion>

			<element-count-assertion>
				<namespace-uri>
					http://www.opengis.net/wfs
				</namespace-uri>
				<element-name>FeatureType</element-name>
				<element-count>5</element-count>
			</element-count-assertion>

		</response>

	</test-case>


	<test-case>

		<http-post-request>
			<request-file>
				../requests/request.MappedFeatureGaOracle.xml
			</request-file>
		</http-post-request>

		<response>

			<output-file>
				output/output.MappedFeatureGaOracle.xml
			</output-file>

			<schema-location>
				<namespace-uri>
					urn:cgi:xmlns:CGI:GeoSciML:2.0
				</namespace-uri>
				<schema-file>
					../profiles/MappedFeatureGaOracle.xsd
				</schema-file>
			</schema-location>

			<element-count-assertion>
				<namespace-uri>
					http://www.opengis.net/wfs
				</namespace-uri>
				<element-name>FeatureCollection</element-name>
				<element-count>1</element-count>
			</element-count-assertion>

			<element-count-assertion>
				<namespace-uri>
					urn:cgi:xmlns:CGI:GeoSciML:2.0
				</namespace-uri>
				<element-name>MappedFeatureGaOracle</element-name>
				<element-count>624</element-count>
			</element-count-assertion>

		</response>

	</test-case>


	<test-case>

		<http-post-request>
			<request-file>
				../requests/request.MappedFeaturePostgis.xml
			</request-file>
		</http-post-request>

		<response>

			<output-file>
				output/output.MappedFeaturePostgis.xml
			</output-file>

			<schema-location>
				<namespace-uri>
					urn:cgi:xmlns:CGI:GeoSciML:2.0
				</namespace-uri>
				<schema-file>
					../profiles/MappedFeaturePostgis.xsd
				</schema-file>

			</schema-location>

			<element-count-assertion>
				<namespace-uri>
					http://www.opengis.net/wfs
				</namespace-uri>
				<element-name>FeatureCollection</element-name>
				<element-count>1</element-count>
			</element-count-assertion>

			<element-count-assertion>
				<namespace-uri>
					urn:cgi:xmlns:CGI:GeoSciML:2.0
				</namespace-uri>
				<element-name>MappedFeaturePostgis</element-name>
				<element-count>2</element-count>
			</element-count-assertion>

		</response>

	</test-case>


	<test-case>


		<http-post-request>
			<request-file>
				../requests/request.MappedFeaturePropertyfile.xml
			</request-file>
		</http-post-request>

		<response>

			<output-file>
				output/output.MappedFeaturePropertyfile.xml
			</output-file>

			<schema-location>

				<namespace-uri>
					urn:cgi:xmlns:CGI:GeoSciML:2.0
				</namespace-uri>
				<schema-file>
					../profiles/MappedFeaturePropertyfile.xsd
				</schema-file>
			</schema-location>

			<element-count-assertion>
				<namespace-uri>
					http://www.opengis.net/wfs
				</namespace-uri>
				<element-name>FeatureCollection</element-name>
				<element-count>1</element-count>
			</element-count-assertion>

			<element-count-assertion>
				<namespace-uri>
					urn:cgi:xmlns:CGI:GeoSciML:2.0
				</namespace-uri>
				<element-name>MappedFeaturePropertyfile</element-name>
				<element-count>2</element-count>
			</element-count-assertion>

		</response>

	</test-case>


	<test-case>

		<http-post-request>
			<request-file>
				../requests/request.MappedFeatureShapefile.xml
			</request-file>
		</http-post-request>

		<response>

			<output-file>
				output/output.MappedFeatureShapefile.xml
			</output-file>

			<schema-location>
				<namespace-uri>
					urn:cgi:xmlns:CGI:GeoSciML:2.0
				</namespace-uri>
				<schema-file>
					../profiles/MappedFeatureShapefile.xsd
				</schema-file>
			</schema-location>

			<element-count-assertion>
				<namespace-uri>
					http://www.opengis.net/wfs
				</namespace-uri>
				<element-name>FeatureCollection</element-name>
				<element-count>1</element-count>
			</element-count-assertion>

			<element-count-assertion>
				<namespace-uri>
					urn:cgi:xmlns:CGI:GeoSciML:2.0
				</namespace-uri>
				<element-name>MappedFeatureShapefile</element-name>
				<element-count>2</element-count>
			</element-count-assertion>

		</response>

	</test-case>


	<test-case>

		<http-post-request>
			<request-file>
				../requests/request.MappedFeatureUseCase2A.xml
			</request-file>
		</http-post-request>

		<response>

			<output-file>
				output/output.MappedFeatureUseCase2A.xml
			</output-file>

			<schema-location>
				<namespace-uri>
					urn:cgi:xmlns:CGI:GeoSciML:2.0
				</namespace-uri>
				<schema-file>
					../profiles/MappedFeatureUseCase2A.xsd
				</schema-file>
			</schema-location>

			<element-count-assertion>
				<namespace-uri>
					http://www.opengis.net/wfs
				</namespace-uri>
				<element-name>FeatureCollection</element-name>
				<element-count>1</element-count>
			</element-count-assertion>

			<element-count-assertion>
				<namespace-uri>
					urn:cgi:xmlns:CGI:GeoSciML:2.0
				</namespace-uri>
				<element-name>MappedFeatureUseCase2A</element-name>
				<element-count>304</element-count>
			</element-count-assertion>

		</response>

	</test-case>


</test-suite>


