<?xml version="1.0" encoding="UTF-8"?>
<test-suite xmlns="http://www.auscope.org/servicetester"
	xmlns:xsi="http://www.w3.org/2001/XMLSchema-instance"
	xsi:schemaLocation="http://www.auscope.org/servicetester http://schemas.auscope.org/servicetester/test-suite.xsd">

	<service-url>http://localhost:8080/geoserver/wfs</service-url>

	<catalog-file>../schemas/catalog.xml</catalog-file>

	<test-case>
		<http-post-request>
			<request-file>
				../requests/request.MappedFeatureGaOracle.xml
			</request-file>
		</http-post-request>
		<response>
			<schema-location>
				<namespace-uri>
					urn:cgi:xmlns:CGI:GeoSciML:2.0
				</namespace-uri>
				<schema-file>
					../profiles/MappedFeatureGaOracle.xsd
				</schema-file>
			</schema-location>
			<schema-location>
				<namespace-uri>
					http://www.opengis.net/wfs
				</namespace-uri>
				<schema-url>
					http://schemas.opengis.net/wfs/1.1.0/wfs.xsd
				</schema-url>
			</schema-location>
		</response>
	</test-case>

	<test-case>
		<http-post-request>
			<request-file>
				../requests/request.MappedFeaturePostgis.xml
			</request-file>
		</http-post-request>
		<response>
			<schema-location>
				<namespace-uri>
					urn:cgi:xmlns:CGI:GeoSciML:2.0
				</namespace-uri>
				<schema-file>
					../profiles/MappedFeaturePostgis.xsd
				</schema-file>
			</schema-location>
			<schema-location>
				<namespace-uri>
					http://www.opengis.net/wfs
				</namespace-uri>
				<schema-url>
					http://schemas.opengis.net/wfs/1.1.0/wfs.xsd
				</schema-url>
			</schema-location>
		</response>
	</test-case>

	<test-case>
		<http-post-request>
			<request-file>
				../requests/request.MappedFeaturePropertyfile.xml
			</request-file>
		</http-post-request>
		<response>
			<schema-location>
				<namespace-uri>
					urn:cgi:xmlns:CGI:GeoSciML:2.0
				</namespace-uri>
				<schema-file>
					../profiles/MappedFeaturePropertyfile.xsd
				</schema-file>
			</schema-location>
			<schema-location>
				<namespace-uri>
					http://www.opengis.net/wfs
				</namespace-uri>
				<schema-url>
					http://schemas.opengis.net/wfs/1.1.0/wfs.xsd
				</schema-url>
			</schema-location>
		</response>
	</test-case>

	<test-case>
		<http-post-request>
			<request-file>
				../requests/request.MappedFeatureShapefile.xml
			</request-file>
		</http-post-request>
		<response>
			<schema-location>
				<namespace-uri>
					urn:cgi:xmlns:CGI:GeoSciML:2.0
				</namespace-uri>
				<schema-file>
					../profiles/MappedFeatureShapefile.xsd
				</schema-file>
			</schema-location>
			<schema-location>
				<namespace-uri>
					http://www.opengis.net/wfs
				</namespace-uri>
				<schema-url>
					http://schemas.opengis.net/wfs/1.1.0/wfs.xsd
				</schema-url>
			</schema-location>
		</response>
	</test-case>


</test-suite>


