<?xml version="1.0" encoding="UTF-8"?>
<test-suite xmlns="http://www.auscope.org/servicetester"
	xmlns:xsi="http://www.w3.org/2001/XMLSchema-instance"
	xsi:schemaLocation="http://www.auscope.org/servicetester http://schemas.auscope.org/servicetester/test-suite-1.0.xsd">

	<service-url>http://localhost:8080/geoserver/wfs</service-url>

	<catalog-file>../schemas/catalog.xml</catalog-file>

	<test-case>

		<http-post-request>
			<request-file>
				../requests/request.MappedFeatureUseCase2A.contains_text.xml
			</request-file>
		</http-post-request>

		<response>

			<output-file>
				output/output.MappedFeatureUseCase2A.contains_text.xml
			</output-file>

			<schema-location>
				<namespace-uri>
					urn:cgi:xmlns:CGI:GeoSciML:2.0
				</namespace-uri>
				<schema-file>
					../profiles/MappedFeatureUseCase2A.xsd
				</schema-file>
			</schema-location>

			<element-count-assertion>
				<namespace-uri>
					http://www.opengis.net/wfs
				</namespace-uri>
				<element-name>FeatureCollection</element-name>
				<element-count>1</element-count>
			</element-count-assertion>

			<element-count-assertion>
				<namespace-uri>
					urn:cgi:xmlns:CGI:GeoSciML:2.0
				</namespace-uri>
				<element-name>MappedFeatureUseCase2A</element-name>
				<element-count>11</element-count>
			</element-count-assertion>

		</response>

	</test-case>

</test-suite>


